<?xml version="1.0" encoding="UTF-8"?>
<!-- Generated by org.testng.reporters.JUnitReportReporter -->
<testsuite hostname="Praveen" failures="0" tests="1" name="com.project.practice.Demo" time="14.517" errors="0" timestamp="2024-03-28T11:56:36 IST" skipped="0">
  <testcase classname="com.project.practice.Demo" name="login" time="14.517"/>
  <system-out/>
</testsuite> <!-- com.project.practice.Demo -->
