<?xml version="1.0" encoding="UTF-8"?>
<!-- Generated by org.testng.reporters.JUnitReportReporter -->
<testsuite hostname="Praveen" failures="0" tests="1" name="selenium_Hls.P" time="8.040" errors="0" timestamp="2023-04-03T09:32:33 IST" skipped="0">
  <testcase classname="selenium_Hls.P" name="login" time="8.040"/>
  <system-out/>
</testsuite> <!-- selenium_Hls.P -->
